<?xml version="1.0" encoding="UTF-8"?>
<testsuite xmlns:xsi="http://www.w3.org/2001/XMLSchema-instance" xsi:noNamespaceSchemaLocation="https://maven.apache.org/surefire/maven-surefire-plugin/xsd/surefire-test-report-3.0.xsd" version="3.0" name="br.com.bradeco.analisador.impl.AnalisadorDeTextoImplTest" time="0.094" tests="5" errors="0" skipped="0" failures="1">
  <properties>
[...]
</properties>
  <testcase name="testContarPalavrasComTextoVazio" classname="br.com.bradeco.analisador.impl.AnalisadorDeTextoImplTest" time="0.034"/>
  <testcase name="testTempoLeitura" classname="br.com.bradeco.analisador.impl.AnalisadorDeTextoImplTest" time="0.005"/>
  <testcase name="testPalavraMaisFrequente" classname="br.com.bradeco.analisador.impl.AnalisadorDeTextoImplTest" time="0.005"/>
  <testcase name="testContarPalavras" classname="br.com.bradeco.analisador.impl.AnalisadorDeTextoImplTest" time="0.01">
    <failure message="expected: &lt;5&gt; but was: &lt;6&gt;" type="org.opentest4j.AssertionFailedError"><![CDATA[org.opentest4j.AssertionFailedError: expected: <5> but was: <6>
	at org.junit.jupiter.api.AssertionFailureBuilder.build(AssertionFailureBuilder.java:151)
	at org.junit.jupiter.api.AssertionFailureBuilder.buildAndThrow(AssertionFailureBuilder.java:132)
	at org.junit.jupiter.api.AssertEquals.failNotEqual(AssertEquals.java:197)
	at org.junit.jupiter.api.AssertEquals.assertEquals(AssertEquals.java:166)
	at org.junit.jupiter.api.AssertEquals.assertEquals(AssertEquals.java:161)
	at org.junit.jupiter.api.Assertions.assertEquals(Assertions.java:632)
	at br.com.bradeco.analisador.impl.AnalisadorDeTextoImplTest.testContarPalavras(AnalisadorDeTextoImplTest.java:30)
	at java.base/java.lang.reflect.Method.invoke(Method.java:565)
	at java.base/java.util.ArrayList.forEach(ArrayList.java:1604)
	at java.base/java.util.ArrayList.forEach(ArrayList.java:1604)
]]></failure>
  </testcase>
  <testcase name="testContarCaracteres" classname="br.com.bradeco.analisador.impl.AnalisadorDeTextoImplTest" time="0.001"/>
</testsuite>